<?xml version="1.0" encoding="UTF-8"?>
<testng-results ignored="0" total="6" passed="5" failed="1" skipped="0">
  <reporter-output>
  </reporter-output>
  <suite started-at="2022-07-08T14:39:28 WIB" name="Default suite" finished-at="2022-07-08T14:39:45 WIB" duration-ms="16871">
    <groups>
      <group name="cucumber">
        <method signature="AbstractTestNGCucumberTests.runScenario(io.cucumber.testng.PickleWrapper,io.cucumber.testng.FeatureWrapper)[pri:0, instance:runner.TestRunner@272113c4]" name="runScenario" class="io.cucumber.testng.AbstractTestNGCucumberTests"/>
      </group> <!-- cucumber -->
    </groups>
    <test started-at="2022-07-08T14:39:28 WIB" name="Default test" finished-at="2022-07-08T14:39:45 WIB" duration-ms="16871">
      <class name="runner.TestRunner">
        <test-method is-config="true" signature="setUpClass(org.testng.ITestContext)[pri:0, instance:runner.TestRunner@272113c4]" started-at="2022-07-08T14:39:28 WIB" name="setUpClass" finished-at="2022-07-08T14:39:29 WIB" duration-ms="223" status="PASS">
          <params>
            <param index="0">
              <value>
                <![CDATA[org.testng.TestRunner@7fbd3e75]]>
              </value>
            </param>
          </params>
          <reporter-output>
          </reporter-output>
        </test-method> <!-- setUpClass -->
        <test-method signature="runScenario(io.cucumber.testng.PickleWrapper,io.cucumber.testng.FeatureWrapper)[pri:0, instance:runner.TestRunner@272113c4]" started-at="2022-07-08T14:39:29 WIB" name="runScenario" description="Runs Cucumber Scenarios" data-provider="scenarios" finished-at="2022-07-08T14:39:34 WIB" duration-ms="5273" status="FAIL">
          <params>
            <param index="0">
              <value>
                <![CDATA["Validate the positive functionality"]]>
              </value>
            </param>
            <param index="1">
              <value>
                <![CDATA["Add Product Category"]]>
              </value>
            </param>
          </params>
          <exception class="java.lang.AssertionError">
            <message>
              <![CDATA[expected [http://34.101.70.83:5100/product_category] but found [http://34.101.70.83:5100/product_category/add]]]>
            </message>
            <full-stacktrace>
              <![CDATA[java.lang.AssertionError: expected [http://34.101.70.83:5100/product_category] but found [http://34.101.70.83:5100/product_category/add]
at org.testng.Assert.fail(Assert.java:99)
at org.testng.Assert.failNotEquals(Assert.java:1037)
at org.testng.Assert.assertEqualsImpl(Assert.java:140)
at org.testng.Assert.assertEquals(Assert.java:122)
at org.testng.Assert.assertEquals(Assert.java:629)
at org.testng.Assert.assertEquals(Assert.java:639)
at pages.AddProductCategory.linkcheck(AddProductCategory.java:88)
at pageSteps.AddProductCategorySteps.linkcheck(AddProductCategorySteps.java:59)
at âœ½.to validate add product category move to page(file:///Users/muhammadbaihaqy/eclipse-workspace/adminNufarm/src/main/java/features/addProductCategory.feature:14)
]]>
            </full-stacktrace>
          </exception> <!-- java.lang.AssertionError -->
          <reporter-output>
          </reporter-output>
        </test-method> <!-- runScenario -->
        <test-method signature="runScenario(io.cucumber.testng.PickleWrapper,io.cucumber.testng.FeatureWrapper)[pri:0, instance:runner.TestRunner@272113c4]" started-at="2022-07-08T14:39:34 WIB" name="runScenario" description="Runs Cucumber Scenarios" data-provider="scenarios" finished-at="2022-07-08T14:39:36 WIB" duration-ms="2144" status="PASS">
          <params>
            <param index="0">
              <value>
                <![CDATA["validate the positive functionality"]]>
              </value>
            </param>
            <param index="1">
              <value>
                <![CDATA["Forget Password"]]>
              </value>
            </param>
          </params>
          <reporter-output>
          </reporter-output>
        </test-method> <!-- runScenario -->
        <test-method signature="runScenario(io.cucumber.testng.PickleWrapper,io.cucumber.testng.FeatureWrapper)[pri:0, instance:runner.TestRunner@272113c4]" started-at="2022-07-08T14:39:36 WIB" name="runScenario" description="Runs Cucumber Scenarios" data-provider="scenarios" finished-at="2022-07-08T14:39:38 WIB" duration-ms="2119" status="PASS">
          <params>
            <param index="0">
              <value>
                <![CDATA["validate the positive functionality"]]>
              </value>
            </param>
            <param index="1">
              <value>
                <![CDATA["Forget Password"]]>
              </value>
            </param>
          </params>
          <reporter-output>
          </reporter-output>
        </test-method> <!-- runScenario -->
        <test-method signature="runScenario(io.cucumber.testng.PickleWrapper,io.cucumber.testng.FeatureWrapper)[pri:0, instance:runner.TestRunner@272113c4]" started-at="2022-07-08T14:39:38 WIB" name="runScenario" description="Runs Cucumber Scenarios" data-provider="scenarios" finished-at="2022-07-08T14:39:40 WIB" duration-ms="2234" status="PASS">
          <params>
            <param index="0">
              <value>
                <![CDATA["validate the positive functionality"]]>
              </value>
            </param>
            <param index="1">
              <value>
                <![CDATA["Login"]]>
              </value>
            </param>
          </params>
          <reporter-output>
          </reporter-output>
        </test-method> <!-- runScenario -->
        <test-method signature="runScenario(io.cucumber.testng.PickleWrapper,io.cucumber.testng.FeatureWrapper)[pri:0, instance:runner.TestRunner@272113c4]" started-at="2022-07-08T14:39:40 WIB" name="runScenario" description="Runs Cucumber Scenarios" data-provider="scenarios" finished-at="2022-07-08T14:39:43 WIB" duration-ms="2205" status="PASS">
          <params>
            <param index="0">
              <value>
                <![CDATA["validate the negative login functionality"]]>
              </value>
            </param>
            <param index="1">
              <value>
                <![CDATA["Login"]]>
              </value>
            </param>
          </params>
          <reporter-output>
          </reporter-output>
        </test-method> <!-- runScenario -->
        <test-method signature="runScenario(io.cucumber.testng.PickleWrapper,io.cucumber.testng.FeatureWrapper)[pri:0, instance:runner.TestRunner@272113c4]" started-at="2022-07-08T14:39:43 WIB" name="runScenario" description="Runs Cucumber Scenarios" data-provider="scenarios" finished-at="2022-07-08T14:39:45 WIB" duration-ms="2646" status="PASS">
          <params>
            <param index="0">
              <value>
                <![CDATA["validate the negative login functionality"]]>
              </value>
            </param>
            <param index="1">
              <value>
                <![CDATA["Login"]]>
              </value>
            </param>
          </params>
          <reporter-output>
          </reporter-output>
        </test-method> <!-- runScenario -->
        <test-method is-config="true" signature="tearDownClass()[pri:0, instance:runner.TestRunner@272113c4]" started-at="2022-07-08T14:39:45 WIB" name="tearDownClass" finished-at="2022-07-08T14:39:45 WIB" duration-ms="5" status="PASS">
          <reporter-output>
          </reporter-output>
        </test-method> <!-- tearDownClass -->
      </class> <!-- runner.TestRunner -->
    </test> <!-- Default test -->
  </suite> <!-- Default suite -->
</testng-results>
