<?xml version="1.0" encoding="UTF-8"?>
<!-- Generated by org.testng.reporters.JUnitReportReporter -->
<testsuite hostname="Muhammads-MacBook-Air.local" failures="1" tests="6" name="runner.TestRunner" time="16.621" errors="0" timestamp="2022-07-08T14:39:45 WIB" skipped="0">
  <testcase classname="runner.TestRunner" name="runScenario" time="2.144"/>
  <system-out/>
  <testcase classname="runner.TestRunner" name="runScenario" time="2.234"/>
  <system-out/>
  <testcase classname="runner.TestRunner" name="runScenario" time="2.119"/>
  <system-out/>
  <testcase classname="runner.TestRunner" name="runScenario" time="2.646"/>
  <system-out/>
  <testcase classname="runner.TestRunner" name="runScenario" time="2.205"/>
  <system-out/>
  <testcase classname="runner.TestRunner" name="runScenario" time="5.273">
    <failure message="expected [http://34.101.70.83:5100/product_category] but found [http://34.101.70.83:5100/product_category/add]" type="java.lang.AssertionError">
      <![CDATA[java.lang.AssertionError: expected [http://34.101.70.83:5100/product_category] but found [http://34.101.70.83:5100/product_category/add]
at org.testng.Assert.fail(Assert.java:99)
at org.testng.Assert.failNotEquals(Assert.java:1037)
at org.testng.Assert.assertEqualsImpl(Assert.java:140)
at org.testng.Assert.assertEquals(Assert.java:122)
at org.testng.Assert.assertEquals(Assert.java:629)
at org.testng.Assert.assertEquals(Assert.java:639)
at pages.AddProductCategory.linkcheck(AddProductCategory.java:88)
at pageSteps.AddProductCategorySteps.linkcheck(AddProductCategorySteps.java:59)
at âœ½.to validate add product category move to page(file:///Users/muhammadbaihaqy/eclipse-workspace/adminNufarm/src/main/java/features/addProductCategory.feature:14)
]]>
    </failure>
  </testcase> <!-- runScenario -->
  <system-out/>
</testsuite> <!-- runner.TestRunner -->
